17:04:11 INFO  : Registering command handlers for SDK TCF services
17:04:12 INFO  : Launching XSCT server: xsct.bat -interactive X:\Digital_Watch\Digital_Watch.sdk\temp_xsdb_launch_script.tcl
17:04:14 INFO  : XSCT server has started successfully.
17:04:14 INFO  : Processing command line option -hwspec X:/Digital_Watch/Digital_Watch.sdk/Watch_Basic_wrapper.hdf.
17:04:14 INFO  : Successfully done setting XSCT server connection channel  
17:04:14 INFO  : Successfully done setting SDK workspace  
19:24:38 ERROR : 
org.eclipse.core.runtime.OperationCanceledException
	at org.eclipse.core.internal.utils.Policy.checkCanceled(Policy.java:113)
	at org.eclipse.core.internal.localstore.RefreshLocalVisitor.visit(RefreshLocalVisitor.java:254)
	at org.eclipse.core.internal.localstore.UnifiedTree.accept(UnifiedTree.java:111)
	at org.eclipse.core.internal.localstore.FileSystemResourceManager.refreshResource(FileSystemResourceManager.java:974)
	at org.eclipse.core.internal.localstore.FileSystemResourceManager.refresh(FileSystemResourceManager.java:960)
	at org.eclipse.core.internal.resources.Resource.refreshLocal(Resource.java:1594)
	at com.xilinx.sdk.appwiz.core.StandaloneProjectHandler.createCoreApp(StandaloneProjectHandler.java:122)
	at com.xilinx.sdk.appwiz.core.AppCreationHandler.createApplication(AppCreationHandler.java:130)
	at com.xilinx.sdk.appwiz.core.AppCreationHandler$1.run(AppCreationHandler.java:66)
	at org.eclipse.core.internal.resources.Workspace.run(Workspace.java:2240)
	at org.eclipse.core.internal.resources.Workspace.run(Workspace.java:2262)
	at com.xilinx.sdk.appwiz.core.AppCreationHandler.execute(AppCreationHandler.java:62)
	at com.xilinx.sdk.appwiz.ApplicationWizard.createNewProject(ApplicationWizard.java:117)
	at org.eclipse.cdt.ui.wizards.NewCProjectWizard.doRun(NewCProjectWizard.java:293)
	at org.eclipse.cdt.ui.wizards.NewCProjectWizard$1$1$1.run(NewCProjectWizard.java:235)
	at org.eclipse.ui.actions.WorkspaceModifyDelegatingOperation.execute(WorkspaceModifyDelegatingOperation.java:67)
	at org.eclipse.ui.actions.WorkspaceModifyOperation.lambda$0(WorkspaceModifyOperation.java:107)
	at org.eclipse.core.internal.resources.Workspace.run(Workspace.java:2240)
	at org.eclipse.core.internal.resources.Workspace.run(Workspace.java:2267)
	at org.eclipse.ui.actions.WorkspaceModifyOperation.run(WorkspaceModifyOperation.java:128)
	at org.eclipse.jface.operation.ModalContext.runInCurrentThread(ModalContext.java:437)
	at org.eclipse.jface.operation.ModalContext.run(ModalContext.java:353)
	at org.eclipse.jface.wizard.WizardDialog.run(WizardDialog.java:993)
	at org.eclipse.cdt.ui.wizards.NewCProjectWizard$1$1.run(NewCProjectWizard.java:245)
	at org.eclipse.ui.internal.UILockListener.doPendingWork(UILockListener.java:162)
	at org.eclipse.ui.internal.UISynchronizer$3.run(UISynchronizer.java:154)
	at org.eclipse.swt.widgets.RunnableLock.run(RunnableLock.java:35)
	at org.eclipse.swt.widgets.Synchronizer.runAsyncMessages(Synchronizer.java:182)
	at org.eclipse.swt.widgets.Display.runAsyncMessages(Display.java:4203)
	at org.eclipse.swt.widgets.Display.readAndDispatch(Display.java:3819)
	at org.eclipse.jface.operation.ModalContext$ModalContextThread.block(ModalContext.java:165)
	at org.eclipse.jface.operation.ModalContext.run(ModalContext.java:369)
	at org.eclipse.jface.wizard.WizardDialog.run(WizardDialog.java:993)
	at org.eclipse.cdt.ui.wizards.NewCProjectWizard.invokeRunnable(NewCProjectWizard.java:272)
	at org.eclipse.cdt.ui.wizards.NewCProjectWizard.performFinish(NewCProjectWizard.java:162)
	at com.xilinx.sdk.appwiz.ApplicationWizard.performFinish(ApplicationWizard.java:158)
	at org.eclipse.jface.wizard.WizardDialog.finishPressed(WizardDialog.java:790)
	at org.eclipse.jface.wizard.WizardDialog.buttonPressed(WizardDialog.java:423)
	at org.eclipse.jface.dialogs.Dialog$2.widgetSelected(Dialog.java:618)
	at org.eclipse.swt.widgets.TypedListener.handleEvent(TypedListener.java:249)
	at org.eclipse.swt.widgets.EventTable.sendEvent(EventTable.java:84)
	at org.eclipse.swt.widgets.Display.sendEvent(Display.java:4410)
	at org.eclipse.swt.widgets.Widget.sendEvent(Widget.java:1079)
	at org.eclipse.swt.widgets.Display.runDeferredEvents(Display.java:4228)
	at org.eclipse.swt.widgets.Display.readAndDispatch(Display.java:3816)
	at org.eclipse.jface.window.Window.runEventLoop(Window.java:818)
	at org.eclipse.jface.window.Window.open(Window.java:794)
	at org.eclipse.ui.internal.actions.NewWizardShortcutAction.run(NewWizardShortcutAction.java:133)
	at org.eclipse.jface.action.Action.runWithEvent(Action.java:473)
	at org.eclipse.jface.action.ActionContributionItem.handleWidgetSelection(ActionContributionItem.java:565)
	at org.eclipse.jface.action.ActionContributionItem.lambda$4(ActionContributionItem.java:397)
	at org.eclipse.swt.widgets.EventTable.sendEvent(EventTable.java:84)
	at org.eclipse.swt.widgets.Display.sendEvent(Display.java:4410)
	at org.eclipse.swt.widgets.Widget.sendEvent(Widget.java:1079)
	at org.eclipse.swt.widgets.Display.runDeferredEvents(Display.java:4228)
	at org.eclipse.swt.widgets.Display.readAndDispatch(Display.java:3816)
	at org.eclipse.e4.ui.internal.workbench.swt.PartRenderingEngine$4.run(PartRenderingEngine.java:1121)
	at org.eclipse.core.databinding.observable.Realm.runWithDefault(Realm.java:336)
	at org.eclipse.e4.ui.internal.workbench.swt.PartRenderingEngine.run(PartRenderingEngine.java:1022)
	at org.eclipse.e4.ui.internal.workbench.E4Workbench.createAndRunUI(E4Workbench.java:150)
	at org.eclipse.ui.internal.Workbench$5.run(Workbench.java:687)
	at org.eclipse.core.databinding.observable.Realm.runWithDefault(Realm.java:336)
	at org.eclipse.ui.internal.Workbench.createAndRunWorkbench(Workbench.java:604)
	at org.eclipse.ui.PlatformUI.createAndRunWorkbench(PlatformUI.java:148)
	at org.eclipse.ui.internal.ide.application.IDEApplication.start(IDEApplication.java:138)
	at org.eclipse.equinox.internal.app.EclipseAppHandle.run(EclipseAppHandle.java:196)
	at org.eclipse.core.runtime.internal.adaptor.EclipseAppLauncher.runApplication(EclipseAppLauncher.java:134)
	at org.eclipse.core.runtime.internal.adaptor.EclipseAppLauncher.start(EclipseAppLauncher.java:104)
	at org.eclipse.core.runtime.adaptor.EclipseStarter.run(EclipseStarter.java:388)
	at org.eclipse.core.runtime.adaptor.EclipseStarter.run(EclipseStarter.java:243)
	at sun.reflect.NativeMethodAccessorImpl.invoke0(Native Method)
	at sun.reflect.NativeMethodAccessorImpl.invoke(NativeMethodAccessorImpl.java:62)
	at sun.reflect.DelegatingMethodAccessorImpl.invoke(DelegatingMethodAccessorImpl.java:43)
	at java.lang.reflect.Method.invoke(Method.java:498)
	at org.eclipse.equinox.launcher.Main.invokeFramework(Main.java:673)
	at org.eclipse.equinox.launcher.Main.basicRun(Main.java:610)
	at org.eclipse.equinox.launcher.Main.run(Main.java:1519)
19:26:43 INFO  : Launching XSCT server: xsct.bat -interactive X:\Digital_Watch\Digital_Watch.sdk\temp_xsdb_launch_script.tcl
19:26:45 INFO  : XSCT server has started successfully.
19:26:45 INFO  : Successfully done setting XSCT server connection channel  
19:26:49 INFO  : Successfully done setting SDK workspace  
19:26:50 INFO  : Registering command handlers for SDK TCF services
19:26:52 INFO  : Processing command line option -hwspec X:/Digital_Watch/Digital_Watch.sdk/Watch_Basic_wrapper.hdf.
19:26:52 INFO  : Checking for hwspec changes in the project Watch_Basic_wrapper_hw_platform_0.
19:43:43 INFO  : Launching XSCT server: xsct.bat -interactive X:\Digital_Watch\Digital_Watch.sdk\temp_xsdb_launch_script.tcl
19:43:45 INFO  : XSCT server has started successfully.
19:43:50 INFO  : Successfully done setting XSCT server connection channel  
19:43:50 INFO  : Successfully done setting SDK workspace  
19:43:51 INFO  : Registering command handlers for SDK TCF services
19:43:53 INFO  : Processing command line option -hwspec X:/Digital_Watch/Digital_Watch.sdk/Watch_Basic_wrapper.hdf.
19:43:53 INFO  : Checking for hwspec changes in the project Watch_Basic_wrapper_hw_platform_0.
19:46:23 INFO  : Launching XSCT server: xsct.bat -interactive X:\Digital_Watch\Digital_Watch.sdk\temp_xsdb_launch_script.tcl
19:46:25 INFO  : XSCT server has started successfully.
19:46:25 INFO  : Successfully done setting XSCT server connection channel  
19:46:28 INFO  : Successfully done setting SDK workspace  
19:46:30 INFO  : Registering command handlers for SDK TCF services
19:46:31 INFO  : Processing command line option -hwspec X:/Digital_Watch/Digital_Watch.sdk/Watch_Basic_wrapper.hdf.
19:46:31 INFO  : Checking for hwspec changes in the project Watch_Basic_wrapper_hw_platform_0.
19:57:57 INFO  : Launching XSCT server: xsct.bat -interactive X:\Digital_Watch\Digital_Watch.sdk\temp_xsdb_launch_script.tcl
19:57:59 INFO  : XSCT server has started successfully.
19:57:59 INFO  : Successfully done setting XSCT server connection channel  
19:58:02 INFO  : Successfully done setting SDK workspace  
19:58:04 INFO  : Registering command handlers for SDK TCF services
19:58:05 INFO  : Processing command line option -hwspec X:/Digital_Watch/Digital_Watch.sdk/Watch_Basic_wrapper.hdf.
19:58:05 INFO  : Checking for hwspec changes in the project Watch_Basic_wrapper_hw_platform_0.
19:58:05 INFO  : SDK has detected change in the last modified timestamps for source hardware specification file Source:1541098577357,  Project:1541088099756
19:58:05 INFO  : The hardware specification for project 'Watch_Basic_wrapper_hw_platform_0' is different from X:/Digital_Watch/Digital_Watch.sdk/Watch_Basic_wrapper.hdf.
19:58:05 INFO  : Copied contents of X:/Digital_Watch/Digital_Watch.sdk/Watch_Basic_wrapper.hdf into \Watch_Basic_wrapper_hw_platform_0\system.hdf.
19:58:38 INFO  : Synchronizing projects in the workspace with the hardware platform specification changes.
19:58:41 ERROR : (XSDB Server)ERROR: [Hsi 55-1545] Problem running tcl command ::sw_standalone_v6_7::generate : ERROR: ps7_cortexa9 does not support axi_timer_0 
    while executing
"error "ERROR: $proctype does not support $sleep_timer ""
    (procedure "xsleep_timer_config" line 27)
    invoked from w
19:58:41 ERROR : (XSDB Server)ithin
"xsleep_timer_config $proctype $os_handle $file_handle"
    (procedure "::sw_standalone_v6_7::generate" line 405)
    invoked from within
"::sw_standalone_v6_7::generate standalone"
ERROR: [Hsi 55-1442] Error(s) while running TCL procedure generate()

19:58:41 ERROR : (XSDB Server)ERROR: [Hsi 55-1450] Error: running generate_bsp.

19:58:41 ERROR : Failed to call sync_sw_with_hw_change
Reason: ERROR: [Common 17-39] 'hsi::generate_bsp' failed due to earlier errors.

19:58:41 ERROR : Error updating BSP project MSS files.
19:58:41 INFO  : Updating hardware inferred compiler options for Digotal_Watch_Software.
19:58:41 INFO  : Clearing existing target manager status.
19:58:41 INFO  : Workspace synchronized with the new hardware specification file. Cleaning dependent projects...
19:58:43 WARN  : Linker script will not be updated automatically. Users need to update it manually.
19:59:40 INFO  : Registering command handlers for SDK TCF services
19:59:43 INFO  : Launching XSCT server: xsct.bat -interactive X:\Digital_Watch\Digital_Watch.sdk\temp_xsdb_launch_script.tcl
19:59:46 INFO  : XSCT server has started successfully.
19:59:46 INFO  : Processing command line option -hwspec X:/Digital_Watch/Digital_Watch.sdk/Watch_Basic_wrapper.hdf.
19:59:46 INFO  : Successfully done setting XSCT server connection channel  
19:59:46 INFO  : Checking for hwspec changes in the project Watch_Basic_wrapper_hw_platform_0.
19:59:46 INFO  : Successfully done setting SDK workspace  
20:01:03 INFO  : Registering command handlers for SDK TCF services
20:01:04 INFO  : Launching XSCT server: xsct.bat -interactive X:\Digital_Watch\Digital_Watch.sdk\temp_xsdb_launch_script.tcl
20:01:06 INFO  : XSCT server has started successfully.
20:01:07 INFO  : Processing command line option -hwspec X:/Digital_Watch/Digital_Watch.sdk/Watch_Basic_wrapper.hdf.
20:01:07 INFO  : Successfully done setting XSCT server connection channel  
20:01:07 INFO  : Checking for hwspec changes in the project Watch_Basic_wrapper_hw_platform_0.
20:01:07 INFO  : Successfully done setting SDK workspace  
20:03:12 INFO  : Registering command handlers for SDK TCF services
20:03:13 INFO  : Launching XSCT server: xsct.bat -interactive X:\Digital_Watch\Digital_Watch.sdk\temp_xsdb_launch_script.tcl
20:03:16 INFO  : XSCT server has started successfully.
20:03:16 INFO  : Processing command line option -hwspec X:/Digital_Watch/Digital_Watch.sdk/Watch_Basic_wrapper.hdf.
20:03:17 INFO  : Successfully done setting XSCT server connection channel  
20:03:17 INFO  : Successfully done setting SDK workspace  
20:04:49 INFO  : Registering command handlers for SDK TCF services
20:04:50 INFO  : Launching XSCT server: xsct.bat -interactive X:\Digital_Watch\Digital_Watch.sdk\temp_xsdb_launch_script.tcl
20:04:52 INFO  : XSCT server has started successfully.
20:04:53 INFO  : Processing command line option -hwspec X:/Digital_Watch/Digital_Watch.sdk/Watch_Basic_wrapper.hdf.
20:04:53 INFO  : Successfully done setting XSCT server connection channel  
20:04:53 INFO  : Checking for hwspec changes in the project Watch_Basic_wrapper_hw_platform_0.
20:04:53 INFO  : Successfully done setting SDK workspace  
20:08:19 INFO  : Connected to target on host '127.0.0.1' and port '3121'.
20:08:21 INFO  : 'targets -set -filter {jtag_cable_name =~ "Digilent Zybo 210279574394A" && level==0} -index 1' command is executed.
20:08:23 INFO  : FPGA configured successfully with bitstream "X:/Digital_Watch/Digital_Watch.sdk/Watch_Basic_wrapper_hw_platform_0/Watch_Basic_wrapper.bit"
20:08:57 INFO  : 'targets -set -filter {jtag_cable_name =~ "Digilent Zybo 210279574394A" && level==0} -index 1' command is executed.
20:08:57 INFO  : 'fpga -state' command is executed.
20:08:57 INFO  : Connected to target on host '127.0.0.1' and port '3121'.
20:08:57 INFO  : Jtag cable 'Digilent Zybo 210279574394A' is selected.
20:08:57 INFO  : 'jtag frequency' command is executed.
20:08:57 INFO  : Sourcing of 'X:/Digital_Watch/Digital_Watch.sdk/Watch_Basic_wrapper_hw_platform_0/ps7_init.tcl' is done.
20:08:57 INFO  : Context for 'APU' is selected.
20:08:57 INFO  : Hardware design information is loaded from 'X:/Digital_Watch/Digital_Watch.sdk/Watch_Basic_wrapper_hw_platform_0/system.hdf'.
20:08:57 INFO  : 'configparams force-mem-access 1' command is executed.
20:08:57 INFO  : Context for 'APU' is selected.
20:08:57 INFO  : 'stop' command is executed.
20:08:58 INFO  : 'ps7_init' command is executed.
20:08:58 INFO  : 'ps7_post_config' command is executed.
20:08:58 INFO  : Context for processor 'ps7_cortexa9_0' is selected.
20:08:58 INFO  : Processor reset is completed for 'ps7_cortexa9_0'.
20:08:58 INFO  : Context for processor 'ps7_cortexa9_0' is selected.
20:08:59 INFO  : The application 'X:/Digital_Watch/Digital_Watch.sdk/Digital_Watch_sw/Debug/Digital_Watch_sw.elf' is downloaded to processor 'ps7_cortexa9_0'.
20:08:59 INFO  : 'configparams force-mem-access 0' command is executed.
20:08:59 INFO  : ----------------XSDB Script----------------
connect -url tcp:127.0.0.1:3121
source X:/Digital_Watch/Digital_Watch.sdk/Watch_Basic_wrapper_hw_platform_0/ps7_init.tcl
targets -set -nocase -filter {name =~"APU*" && jtag_cable_name =~ "Digilent Zybo 210279574394A"} -index 0
loadhw -hw X:/Digital_Watch/Digital_Watch.sdk/Watch_Basic_wrapper_hw_platform_0/system.hdf -mem-ranges [list {0x40000000 0xbfffffff}]
configparams force-mem-access 1
targets -set -nocase -filter {name =~"APU*" && jtag_cable_name =~ "Digilent Zybo 210279574394A"} -index 0
stop
ps7_init
ps7_post_config
targets -set -nocase -filter {name =~ "ARM*#0" && jtag_cable_name =~ "Digilent Zybo 210279574394A"} -index 0
rst -processor
targets -set -nocase -filter {name =~ "ARM*#0" && jtag_cable_name =~ "Digilent Zybo 210279574394A"} -index 0
dow X:/Digital_Watch/Digital_Watch.sdk/Digital_Watch_sw/Debug/Digital_Watch_sw.elf
configparams force-mem-access 0
----------------End of Script----------------

20:08:59 INFO  : Context for processor 'ps7_cortexa9_0' is selected.
20:08:59 INFO  : 'con' command is executed.
20:08:59 INFO  : ----------------XSDB Script (After Launch)----------------
targets -set -nocase -filter {name =~ "ARM*#0" && jtag_cable_name =~ "Digilent Zybo 210279574394A"} -index 0
con
----------------End of Script----------------

20:08:59 INFO  : Disconnected from the channel tcfchan#1.
21:12:04 INFO  : Registering command handlers for SDK TCF services
21:12:06 INFO  : Launching XSCT server: xsct.bat -interactive X:\Digital_Watch\Digital_Watch.sdk\temp_xsdb_launch_script.tcl
21:12:10 INFO  : XSCT server has started successfully.
21:12:12 INFO  : Processing command line option -hwspec X:/Digital_Watch/Digital_Watch.sdk/Watch_Basic_wrapper.hdf.
21:12:12 INFO  : Successfully done setting XSCT server connection channel  
21:12:12 INFO  : Successfully done setting SDK workspace  
21:12:12 INFO  : Checking for hwspec changes in the project Watch_Basic_wrapper_hw_platform_0.
15:53:51 INFO  : Registering command handlers for SDK TCF services
15:53:52 INFO  : Launching XSCT server: xsct.bat -interactive X:\Digital_Watch\Digital_Watch.sdk\temp_xsdb_launch_script.tcl
15:53:56 INFO  : XSCT server has started successfully.
15:53:56 INFO  : Successfully done setting XSCT server connection channel  
15:53:59 INFO  : Successfully done setting SDK workspace  
15:53:59 INFO  : Processing command line option -hwspec X:/Digital_Watch/Digital_Watch.sdk/Watch_Basic_wrapper.hdf.
15:53:59 INFO  : Checking for hwspec changes in the project Watch_Basic_wrapper_hw_platform_0.
16:45:27 INFO  : Connected to target on host '127.0.0.1' and port '3121'.
16:45:29 INFO  : 'targets -set -filter {jtag_cable_name =~ "Digilent Zybo 210279574394A" && level==0} -index 1' command is executed.
16:45:30 INFO  : FPGA configured successfully with bitstream "X:/Digital_Watch/Digital_Watch.sdk/Watch_Basic_wrapper_hw_platform_0/Watch_Basic_wrapper.bit"
16:50:08 INFO  : 'targets -set -filter {jtag_cable_name =~ "Digilent Zybo 210279574394A" && level==0} -index 1' command is executed.
16:50:08 INFO  : 'fpga -state' command is executed.
17:23:01 INFO  : Registering command handlers for SDK TCF services
17:23:02 INFO  : Launching XSCT server: xsct.bat -interactive X:\Digital_Watch\Digital_Watch.sdk\temp_xsdb_launch_script.tcl
17:23:05 INFO  : XSCT server has started successfully.
17:23:05 INFO  : Processing command line option -hwspec X:/Digital_Watch/Digital_Watch.sdk/Watch_Basic_wrapper.hdf.
17:23:05 INFO  : Successfully done setting XSCT server connection channel  
17:23:05 INFO  : Checking for hwspec changes in the project Watch_Basic_wrapper_hw_platform_0.
17:23:05 INFO  : Successfully done setting SDK workspace  
